<?xml version="1.0" encoding="UTF-8" ?>
<testsuite errors="0" failures="0" hostname="FAMILIAIVAN" name="webserver.WebServerTest" skipped="0" tests="15" time="0.156" timestamp="2014-11-27T01:11:47">
  <properties>
[...]
</properties>
  <testcase classname="webserver.WebServerTest" name="testSimpleRequestHEAD_OK" time="0.0" />
  <testcase classname="webserver.WebServerTest" name="testSimpleRequestHED_NOT_IMPLEMENT" time="0.016" />
  <testcase classname="webserver.WebServerTest" name="testFullRequestGET_OK" time="0.0" />
  <testcase classname="webserver.WebServerTest" name="testFullRequestHEAD_NOT_FOUND" time="0.0" />
  <testcase classname="webserver.WebServerTest" name="testFullRequestHEAD_OK" time="0.016" />
  <testcase classname="webserver.WebServerTest" name="testSimpleRequestGET_OK" time="0.0" />
  <testcase classname="webserver.WebServerTest" name="testFullRequestGET_NOT_FOUND" time="0.0" />
  <testcase classname="webserver.WebServerTest" name="testFullRequestHED_NOT_IMPLEMENT" time="0.0" />
  <testcase classname="webserver.WebServerTest" name="testFullRequestHEAD_EMPTY_URL" time="0.0" />
  <testcase classname="webserver.WebServerTest" name="testFullRequestGET_EMPTY_URL" time="0.0" />
  <testcase classname="webserver.WebServerTest" name="testFullRequestHEAD_BAD_PROTOCOL" time="0.0" />
  <testcase classname="webserver.WebServerTest" name="testFullRequestGET_BAD_PROTOCOL" time="0.0" />
  <testcase classname="webserver.WebServerTest" name="testSimpleRequestHEAD_NOT_FOUND" time="0.0" />
  <testcase classname="webserver.WebServerTest" name="testSimpleRequestGET_NOT_FOUND" time="0.0" />
  <testcase classname="webserver.WebServerTest" name="testSimpleRequestHEAD_EMPTY_URL" time="0.0" />
  <system-out><![CDATA[]]></system-out>
  <system-err><![CDATA[]]></system-err>
</testsuite>
